Flow report for lab8
Thu Dec 31 09:41:41 2020
Quartus Prime Version 18.0.0 Build 614 04/24/2018 SJ Lite Edition


---------------------
; Table of Contents ;
---------------------
  1. Legal Notice
  2. Flow Summary
  3. Flow Settings
  4. Flow Non-Default Global Settings
  5. Flow Elapsed Time
  6. Flow OS Summary
  7. Flow Log
  8. Flow Messages
  9. Flow Suppressed Messages



----------------
; Legal Notice ;
----------------
Copyright (C) 2018  Intel Corporation. All rights reserved.
Your use of Intel Corporation's design tools, logic functions 
and other software and tools, and its AMPP partner logic 
functions, and any output files from any of the foregoing 
(including device programming or simulation files), and any 
associated documentation or information are expressly subject 
to the terms and conditions of the Intel Program License 
Subscription Agreement, the Intel Quartus Prime License Agreement,
the Intel FPGA IP License Agreement, or other applicable license
agreement, including, without limitation, that your use is for
the sole purpose of programming logic devices manufactured by
Intel and sold by Intel or its authorized distributors.  Please
refer to the applicable agreement for further details.



+----------------------------------------------------------------------------------+
; Flow Summary                                                                     ;
+------------------------------------+---------------------------------------------+
; Flow Status                        ; Successful - Thu Dec 31 09:41:41 2020       ;
; Quartus Prime Version              ; 18.0.0 Build 614 04/24/2018 SJ Lite Edition ;
; Revision Name                      ; lab8                                        ;
; Top-level Entity Name              ; lab8                                        ;
; Family                             ; Cyclone IV E                                ;
; Device                             ; EP4CE115F29C7                               ;
; Timing Models                      ; Final                                       ;
; Total logic elements               ; 56,942 / 114,480 ( 50 % )                   ;
;     Total combinational functions  ; 55,441 / 114,480 ( 48 % )                   ;
;     Dedicated logic registers      ; 8,329 / 114,480 ( 7 % )                     ;
; Total registers                    ; 8448                                        ;
; Total pins                         ; 197 / 529 ( 37 % )                          ;
; Total virtual pins                 ; 0                                           ;
; Total memory bits                  ; 2,990,542 / 3,981,312 ( 75 % )              ;
; Embedded Multiplier 9-bit elements ; 2 / 532 ( < 1 % )                           ;
; Total PLLs                         ; 2 / 4 ( 50 % )                              ;
+------------------------------------+---------------------------------------------+


+-----------------------------------------+
; Flow Settings                           ;
+-------------------+---------------------+
; Option            ; Setting             ;
+-------------------+---------------------+
; Start date & time ; 12/31/2020 09:27:19 ;
; Main task         ; Compilation         ;
; Revision Name     ; lab8                ;
+-------------------+---------------------+


+---------------------------------------------------------------------------------------------------------------------------------------------------------+
; Flow Non-Default Global Settings                                                                                                                        ;
+--------------------------------------+---------------------------------------------------------------+---------------+-----------------+----------------+
; Assignment Name                      ; Value                                                         ; Default Value ; Entity Name     ; Section Id     ;
+--------------------------------------+---------------------------------------------------------------+---------------+-----------------+----------------+
; COMPILER_SIGNATURE_ID                ; 18587661708031.160937803936720                                ; --            ; --              ; --             ;
; EDA_DESIGN_INSTANCE_NAME             ; NA                                                            ; --            ; --              ; testbench      ;
; EDA_NATIVELINK_SIMULATION_TEST_BENCH ; testbench                                                     ; --            ; --              ; eda_simulation ;
; EDA_OUTPUT_DATA_FORMAT               ; Verilog Hdl                                                   ; --            ; --              ; eda_simulation ;
; EDA_SIMULATION_TOOL                  ; ModelSim-Altera (Verilog)                                     ; <None>        ; --              ; --             ;
; EDA_TEST_BENCH_ENABLE_STATUS         ; TEST_BENCH_MODE                                               ; --            ; --              ; eda_simulation ;
; EDA_TEST_BENCH_FILE                  ; testbench.sv                                                  ; --            ; --              ; testbench      ;
; EDA_TEST_BENCH_MODULE_NAME           ; testbench                                                     ; --            ; --              ; testbench      ;
; EDA_TEST_BENCH_NAME                  ; testbench                                                     ; --            ; --              ; eda_simulation ;
; EDA_TEST_BENCH_RUN_SIM_FOR           ; 10000 ns                                                      ; --            ; --              ; testbench      ;
; EDA_TIME_SCALE                       ; 1 ps                                                          ; --            ; --              ; eda_simulation ;
; ENABLE_SIGNALTAP                     ; On                                                            ; --            ; --              ; --             ;
; MAX_CORE_JUNCTION_TEMP               ; 85                                                            ; --            ; --              ; --             ;
; MIN_CORE_JUNCTION_TEMP               ; 0                                                             ; --            ; --              ; --             ;
; MISC_FILE                            ; nios_system/synthesis/../nios_system.cmp                      ; --            ; --              ; --             ;
; MISC_FILE                            ; nios_system/synthesis/../../nios_system.qsys                  ; --            ; --              ; --             ;
; MISC_FILE                            ; vga_clk.ppf                                                   ; --            ; --              ; --             ;
; NUM_PARALLEL_PROCESSORS              ; All                                                           ; --            ; --              ; --             ;
; PARTITION_COLOR                      ; -- (Not supported for targeted family)                        ; --            ; DE2_115_Default ; Top            ;
; PARTITION_COLOR                      ; -- (Not supported for targeted family)                        ; --            ; --              ; Top            ;
; PARTITION_FITTER_PRESERVATION_LEVEL  ; -- (Not supported for targeted family)                        ; --            ; DE2_115_Default ; Top            ;
; PARTITION_FITTER_PRESERVATION_LEVEL  ; -- (Not supported for targeted family)                        ; --            ; --              ; Top            ;
; PARTITION_NETLIST_TYPE               ; -- (Not supported for targeted family)                        ; --            ; DE2_115_Default ; Top            ;
; PARTITION_NETLIST_TYPE               ; -- (Not supported for targeted family)                        ; --            ; --              ; Top            ;
; POWER_BOARD_THERMAL_MODEL            ; None (CONSERVATIVE)                                           ; --            ; --              ; --             ;
; POWER_PRESET_COOLING_SOLUTION        ; 23 MM HEAT SINK WITH 200 LFPM AIRFLOW                         ; --            ; --              ; --             ;
; SLD_FILE                             ; nios_system/synthesis/nios_system.regmap                      ; --            ; --              ; --             ;
; SLD_FILE                             ; nios_system/synthesis/nios_system.debuginfo                   ; --            ; --              ; --             ;
; SLD_INFO                             ; QSYS_NAME nios_system HAS_SOPCINFO 1 GENERATION_ID 1608980315 ; --            ; nios_system     ; --             ;
; SMART_RECOMPILE                      ; On                                                            ; Off           ; --              ; --             ;
; SOPCINFO_FILE                        ; nios_system/synthesis/../../nios_system.sopcinfo              ; --            ; --              ; --             ;
; SYNTHESIS_ONLY_QIP                   ; On                                                            ; --            ; --              ; --             ;
; USE_SIGNALTAP_FILE                   ; stp1.stp                                                      ; --            ; --              ; --             ;
+--------------------------------------+---------------------------------------------------------------+---------------+-----------------+----------------+


+--------------------------------------------------------------------------------------------------------------------------+
; Flow Elapsed Time                                                                                                        ;
+----------------------+--------------+-------------------------+---------------------+------------------------------------+
; Module Name          ; Elapsed Time ; Average Processors Used ; Peak Virtual Memory ; Total CPU Time (on all processors) ;
+----------------------+--------------+-------------------------+---------------------+------------------------------------+
; Analysis & Synthesis ; 00:09:30     ; 1.0                     ; 5607 MB             ; 00:09:42                           ;
; Fitter               ; 00:02:46     ; 1.1                     ; 6487 MB             ; 00:06:02                           ;
; Assembler            ; 00:00:08     ; 1.0                     ; 4891 MB             ; 00:00:08                           ;
; Timing Analyzer      ; 00:00:20     ; 1.5                     ; 5289 MB             ; 00:00:26                           ;
; EDA Netlist Writer   ; 00:00:50     ; 1.0                     ; 5135 MB             ; 00:00:50                           ;
; Total                ; 00:13:34     ; --                      ; --                  ; 00:17:08                           ;
+----------------------+--------------+-------------------------+---------------------+------------------------------------+


+------------------------------------------------------------------------------------+
; Flow OS Summary                                                                    ;
+----------------------+------------------+------------+------------+----------------+
; Module Name          ; Machine Hostname ; OS Name    ; OS Version ; Processor type ;
+----------------------+------------------+------------+------------+----------------+
; Analysis & Synthesis ; lycsama          ; Windows 10 ; 10.0       ; x86_64         ;
; Fitter               ; lycsama          ; Windows 10 ; 10.0       ; x86_64         ;
; Assembler            ; lycsama          ; Windows 10 ; 10.0       ; x86_64         ;
; Timing Analyzer      ; lycsama          ; Windows 10 ; 10.0       ; x86_64         ;
; EDA Netlist Writer   ; lycsama          ; Windows 10 ; 10.0       ; x86_64         ;
+----------------------+------------------+------------+------------+----------------+


------------
; Flow Log ;
------------
quartus_map --read_settings_files=on --write_settings_files=off lab8 -c lab8
quartus_fit --read_settings_files=off --write_settings_files=off lab8 -c lab8
quartus_asm --read_settings_files=off --write_settings_files=off lab8 -c lab8
quartus_sta lab8 -c lab8
quartus_eda --read_settings_files=off --write_settings_files=off lab8 -c lab8



