Info: Starting: Create block symbol file (.bsf)
Info: qsys-generate C:\Users\Lycsama\Desktop\385final-xsh_shop\385final\mytest\Lab8_provided\nios_system.qsys --block-symbol-file --output-directory=C:\Users\Lycsama\Desktop\385final-xsh_shop\385final\mytest\Lab8_provided\nios_system --family="Cyclone IV E" --part=EP4CE115F29C7
Progress: Loading Lab8_provided/nios_system.qsys
Progress: Reading input file
Progress: Adding clk_0 [clock_source 18.0]
Progress: Parameterizing module clk_0
Progress: Adding is_new_game_start [altera_avalon_pio 18.0]
Progress: Parameterizing module is_new_game_start
Progress: Adding jtag_uart_0 [altera_avalon_jtag_uart 18.0]
Progress: Parameterizing module jtag_uart_0
Progress: Adding keycode [altera_avalon_pio 18.0]
Progress: Parameterizing module keycode
Progress: Adding keycode_0 [altera_avalon_pio 18.0]
Progress: Parameterizing module keycode_0
Progress: Adding keycode_1 [altera_avalon_pio 18.0]
Progress: Parameterizing module keycode_1
Progress: Adding keycode_2 [altera_avalon_pio 18.0]
Progress: Parameterizing module keycode_2
Progress: Adding nios2_gen2_0 [altera_nios2_gen2 18.0]
Progress: Parameterizing module nios2_gen2_0
Progress: Adding onchip_memory2_0 [altera_avalon_onchip_memory2 18.0]
Progress: Parameterizing module onchip_memory2_0
Progress: Adding otg_hpi_address [altera_avalon_pio 18.0]
Progress: Parameterizing module otg_hpi_address
Progress: Adding otg_hpi_cs [altera_avalon_pio 18.0]
Progress: Parameterizing module otg_hpi_cs
Progress: Adding otg_hpi_data [altera_avalon_pio 18.0]
Progress: Parameterizing module otg_hpi_data
Progress: Adding otg_hpi_r [altera_avalon_pio 18.0]
Progress: Parameterizing module otg_hpi_r
Progress: Adding otg_hpi_reset [altera_avalon_pio 18.0]
Progress: Parameterizing module otg_hpi_reset
Progress: Adding otg_hpi_w [altera_avalon_pio 18.0]
Progress: Parameterizing module otg_hpi_w
Progress: Adding position_0 [altera_avalon_pio 18.0]
Progress: Parameterizing module position_0
Progress: Adding position_1 [altera_avalon_pio 18.0]
Progress: Parameterizing module position_1
Progress: Adding position_10 [altera_avalon_pio 18.0]
Progress: Parameterizing module position_10
Progress: Adding position_11 [altera_avalon_pio 18.0]
Progress: Parameterizing module position_11
Progress: Adding position_12 [altera_avalon_pio 18.0]
Progress: Parameterizing module position_12
Progress: Adding position_13 [altera_avalon_pio 18.0]
Progress: Parameterizing module position_13
Progress: Adding position_14 [altera_avalon_pio 18.0]
Progress: Parameterizing module position_14
Progress: Adding position_15 [altera_avalon_pio 18.0]
Progress: Parameterizing module position_15
Progress: Adding position_16 [altera_avalon_pio 18.0]
Progress: Parameterizing module position_16
Progress: Adding position_17 [altera_avalon_pio 18.0]
Progress: Parameterizing module position_17
Progress: Adding position_18 [altera_avalon_pio 18.0]
Progress: Parameterizing module position_18
Progress: Adding position_19 [altera_avalon_pio 18.0]
Progress: Parameterizing module position_19
Progress: Adding position_2 [altera_avalon_pio 18.0]
Progress: Parameterizing module position_2
Progress: Adding position_20 [altera_avalon_pio 18.0]
Progress: Parameterizing module position_20
Progress: Adding position_3 [altera_avalon_pio 18.0]
Progress: Parameterizing module position_3
Progress: Adding position_4 [altera_avalon_pio 18.0]
Progress: Parameterizing module position_4
Progress: Adding position_5 [altera_avalon_pio 18.0]
Progress: Parameterizing module position_5
Progress: Adding position_6 [altera_avalon_pio 18.0]
Progress: Parameterizing module position_6
Progress: Adding position_7 [altera_avalon_pio 18.0]
Progress: Parameterizing module position_7
Progress: Adding position_8 [altera_avalon_pio 18.0]
Progress: Parameterizing module position_8
Progress: Adding position_9 [altera_avalon_pio 18.0]
Progress: Parameterizing module position_9
Progress: Adding sdram [altera_avalon_new_sdram_controller 18.0]
Progress: Parameterizing module sdram
Progress: Adding sdram_pll [altpll 18.0]
Progress: Parameterizing module sdram_pll
Progress: Adding sysid_qsys_0 [altera_avalon_sysid_qsys 18.0]
Progress: Parameterizing module sysid_qsys_0
Progress: Building connections
Progress: Parameterizing connections
Progress: Validating
Progress: Done reading input file
Info: nios_system.is_new_game_start: PIO inputs are not hardwired in test bench. Undefined values will be read from PIO inputs during simulation.
Info: nios_system.jtag_uart_0: JTAG UART IP input clock need to be at least double (2x) the operating frequency of JTAG TCK on board
Info: nios_system.otg_hpi_data: PIO inputs are not hardwired in test bench. Undefined values will be read from PIO inputs during simulation.
Info: nios_system.sdram: SDRAM Controller will only be supported in Quartus Prime Standard Edition in the future release.
Info: nios_system.sysid_qsys_0: System ID is not assigned automatically. Edit the System ID parameter to provide a unique ID
Info: nios_system.sysid_qsys_0: Time stamp will be automatically updated when this component is generated.
Info: qsys-generate succeeded.
Info: Finished: Create block symbol file (.bsf)
Info: 
Info: Starting: Create HDL design files for synthesis
Info: qsys-generate C:\Users\Lycsama\Desktop\385final-xsh_shop\385final\mytest\Lab8_provided\nios_system.qsys --synthesis=VERILOG --output-directory=C:\Users\Lycsama\Desktop\385final-xsh_shop\385final\mytest\Lab8_provided\nios_system\synthesis --family="Cyclone IV E" --part=EP4CE115F29C7
Progress: Loading Lab8_provided/nios_system.qsys
Progress: Reading input file
Progress: Adding clk_0 [clock_source 18.0]
Progress: Parameterizing module clk_0
Progress: Adding is_new_game_start [altera_avalon_pio 18.0]
Progress: Parameterizing module is_new_game_start
Progress: Adding jtag_uart_0 [altera_avalon_jtag_uart 18.0]
Progress: Parameterizing module jtag_uart_0
Progress: Adding keycode [altera_avalon_pio 18.0]
Progress: Parameterizing module keycode
Progress: Adding keycode_0 [altera_avalon_pio 18.0]
Progress: Parameterizing module keycode_0
Progress: Adding keycode_1 [altera_avalon_pio 18.0]
Progress: Parameterizing module keycode_1
Progress: Adding keycode_2 [altera_avalon_pio 18.0]
Progress: Parameterizing module keycode_2
Progress: Adding nios2_gen2_0 [altera_nios2_gen2 18.0]
Progress: Parameterizing module nios2_gen2_0
Progress: Adding onchip_memory2_0 [altera_avalon_onchip_memory2 18.0]
Progress: Parameterizing module onchip_memory2_0
Progress: Adding otg_hpi_address [altera_avalon_pio 18.0]
Progress: Parameterizing module otg_hpi_address
Progress: Adding otg_hpi_cs [altera_avalon_pio 18.0]
Progress: Parameterizing module otg_hpi_cs
Progress: Adding otg_hpi_data [altera_avalon_pio 18.0]
Progress: Parameterizing module otg_hpi_data
Progress: Adding otg_hpi_r [altera_avalon_pio 18.0]
Progress: Parameterizing module otg_hpi_r
Progress: Adding otg_hpi_reset [altera_avalon_pio 18.0]
Progress: Parameterizing module otg_hpi_reset
Progress: Adding otg_hpi_w [altera_avalon_pio 18.0]
Progress: Parameterizing module otg_hpi_w
Progress: Adding position_0 [altera_avalon_pio 18.0]
Progress: Parameterizing module position_0
Progress: Adding position_1 [altera_avalon_pio 18.0]
Progress: Parameterizing module position_1
Progress: Adding position_10 [altera_avalon_pio 18.0]
Progress: Parameterizing module position_10
Progress: Adding position_11 [altera_avalon_pio 18.0]
Progress: Parameterizing module position_11
Progress: Adding position_12 [altera_avalon_pio 18.0]
Progress: Parameterizing module position_12
Progress: Adding position_13 [altera_avalon_pio 18.0]
Progress: Parameterizing module position_13
Progress: Adding position_14 [altera_avalon_pio 18.0]
Progress: Parameterizing module position_14
Progress: Adding position_15 [altera_avalon_pio 18.0]
Progress: Parameterizing module position_15
Progress: Adding position_16 [altera_avalon_pio 18.0]
Progress: Parameterizing module position_16
Progress: Adding position_17 [altera_avalon_pio 18.0]
Progress: Parameterizing module position_17
Progress: Adding position_18 [altera_avalon_pio 18.0]
Progress: Parameterizing module position_18
Progress: Adding position_19 [altera_avalon_pio 18.0]
Progress: Parameterizing module position_19
Progress: Adding position_2 [altera_avalon_pio 18.0]
Progress: Parameterizing module position_2
Progress: Adding position_20 [altera_avalon_pio 18.0]
Progress: Parameterizing module position_20
Progress: Adding position_3 [altera_avalon_pio 18.0]
Progress: Parameterizing module position_3
Progress: Adding position_4 [altera_avalon_pio 18.0]
Progress: Parameterizing module position_4
Progress: Adding position_5 [altera_avalon_pio 18.0]
Progress: Parameterizing module position_5
Progress: Adding position_6 [altera_avalon_pio 18.0]
Progress: Parameterizing module position_6
Progress: Adding position_7 [altera_avalon_pio 18.0]
Progress: Parameterizing module position_7
Progress: Adding position_8 [altera_avalon_pio 18.0]
Progress: Parameterizing module position_8
Progress: Adding position_9 [altera_avalon_pio 18.0]
Progress: Parameterizing module position_9
Progress: Adding sdram [altera_avalon_new_sdram_controller 18.0]
Progress: Parameterizing module sdram
Progress: Adding sdram_pll [altpll 18.0]
Progress: Parameterizing module sdram_pll
Progress: Adding sysid_qsys_0 [altera_avalon_sysid_qsys 18.0]
Progress: Parameterizing module sysid_qsys_0
Progress: Building connections
Progress: Parameterizing connections
Progress: Validating
Progress: Done reading input file
Info: nios_system.is_new_game_start: PIO inputs are not hardwired in test bench. Undefined values will be read from PIO inputs during simulation.
Info: nios_system.jtag_uart_0: JTAG UART IP input clock need to be at least double (2x) the operating frequency of JTAG TCK on board
Info: nios_system.otg_hpi_data: PIO inputs are not hardwired in test bench. Undefined values will be read from PIO inputs during simulation.
Info: nios_system.sdram: SDRAM Controller will only be supported in Quartus Prime Standard Edition in the future release.
Info: nios_system.sysid_qsys_0: System ID is not assigned automatically. Edit the System ID parameter to provide a unique ID
Info: nios_system.sysid_qsys_0: Time stamp will be automatically updated when this component is generated.
Info: nios_system: Generating nios_system "nios_system" for QUARTUS_SYNTH
Info: Inserting clock-crossing logic between cmd_demux.src5 and cmd_mux_005.sink0
Info: Inserting clock-crossing logic between cmd_demux_001.src4 and cmd_mux_005.sink1
Info: Inserting clock-crossing logic between rsp_demux_005.src0 and rsp_mux.sink5
Info: Inserting clock-crossing logic between rsp_demux_005.src1 and rsp_mux_001.sink4
Info: is_new_game_start: Starting RTL generation for module 'nios_system_is_new_game_start'
Info: is_new_game_start:   Generation command is [exec D:/quartus/quartus/bin64/perl/bin/perl.exe -I D:/quartus/quartus/bin64/perl/lib -I D:/quartus/quartus/sopc_builder/bin/europa -I D:/quartus/quartus/sopc_builder/bin/perl_lib -I D:/quartus/quartus/sopc_builder/bin -I D:/quartus/quartus/../ip/altera/sopc_builder_ip/common -I D:/quartus/quartus/../ip/altera/sopc_builder_ip/altera_avalon_pio -- D:/quartus/quartus/../ip/altera/sopc_builder_ip/altera_avalon_pio/generate_rtl.pl --name=nios_system_is_new_game_start --dir=C:/Users/Lycsama/AppData/Local/Temp/alt8620_2233474513934900227.dir/0098_is_new_game_start_gen/ --quartus_dir=D:/quartus/quartus --verilog --config=C:/Users/Lycsama/AppData/Local/Temp/alt8620_2233474513934900227.dir/0098_is_new_game_start_gen//nios_system_is_new_game_start_component_configuration.pl  --do_build_sim=0  ]
Info: is_new_game_start: Done RTL generation for module 'nios_system_is_new_game_start'
Info: is_new_game_start: "nios_system" instantiated altera_avalon_pio "is_new_game_start"
Info: jtag_uart_0: Starting RTL generation for module 'nios_system_jtag_uart_0'
Info: jtag_uart_0:   Generation command is [exec D:/quartus/quartus/bin64/perl/bin/perl.exe -I D:/quartus/quartus/bin64/perl/lib -I D:/quartus/quartus/sopc_builder/bin/europa -I D:/quartus/quartus/sopc_builder/bin/perl_lib -I D:/quartus/quartus/sopc_builder/bin -I D:/quartus/quartus/../ip/altera/sopc_builder_ip/common -I D:/quartus/quartus/../ip/altera/sopc_builder_ip/altera_avalon_jtag_uart -- D:/quartus/quartus/../ip/altera/sopc_builder_ip/altera_avalon_jtag_uart/generate_rtl.pl --name=nios_system_jtag_uart_0 --dir=C:/Users/Lycsama/AppData/Local/Temp/alt8620_2233474513934900227.dir/0099_jtag_uart_0_gen/ --quartus_dir=D:/quartus/quartus --verilog --config=C:/Users/Lycsama/AppData/Local/Temp/alt8620_2233474513934900227.dir/0099_jtag_uart_0_gen//nios_system_jtag_uart_0_component_configuration.pl  --do_build_sim=0  ]
Info: jtag_uart_0: Done RTL generation for module 'nios_system_jtag_uart_0'
Info: jtag_uart_0: "nios_system" instantiated altera_avalon_jtag_uart "jtag_uart_0"
Info: keycode: Starting RTL generation for module 'nios_system_keycode'
Info: keycode:   Generation command is [exec D:/quartus/quartus/bin64/perl/bin/perl.exe -I D:/quartus/quartus/bin64/perl/lib -I D:/quartus/quartus/sopc_builder/bin/europa -I D:/quartus/quartus/sopc_builder/bin/perl_lib -I D:/quartus/quartus/sopc_builder/bin -I D:/quartus/quartus/../ip/altera/sopc_builder_ip/common -I D:/quartus/quartus/../ip/altera/sopc_builder_ip/altera_avalon_pio -- D:/quartus/quartus/../ip/altera/sopc_builder_ip/altera_avalon_pio/generate_rtl.pl --name=nios_system_keycode --dir=C:/Users/Lycsama/AppData/Local/Temp/alt8620_2233474513934900227.dir/0100_keycode_gen/ --quartus_dir=D:/quartus/quartus --verilog --config=C:/Users/Lycsama/AppData/Local/Temp/alt8620_2233474513934900227.dir/0100_keycode_gen//nios_system_keycode_component_configuration.pl  --do_build_sim=0  ]
Info: keycode: Done RTL generation for module 'nios_system_keycode'
Info: keycode: "nios_system" instantiated altera_avalon_pio "keycode"
Info: nios2_gen2_0: "nios_system" instantiated altera_nios2_gen2 "nios2_gen2_0"
Info: onchip_memory2_0: Starting RTL generation for module 'nios_system_onchip_memory2_0'
Info: onchip_memory2_0:   Generation command is [exec D:/quartus/quartus/bin64/perl/bin/perl.exe -I D:/quartus/quartus/bin64/perl/lib -I D:/quartus/quartus/sopc_builder/bin/europa -I D:/quartus/quartus/sopc_builder/bin/perl_lib -I D:/quartus/quartus/sopc_builder/bin -I D:/quartus/quartus/../ip/altera/sopc_builder_ip/common -I D:/quartus/quartus/../ip/altera/sopc_builder_ip/altera_avalon_onchip_memory2 -- D:/quartus/quartus/../ip/altera/sopc_builder_ip/altera_avalon_onchip_memory2/generate_rtl.pl --name=nios_system_onchip_memory2_0 --dir=C:/Users/Lycsama/AppData/Local/Temp/alt8620_2233474513934900227.dir/0101_onchip_memory2_0_gen/ --quartus_dir=D:/quartus/quartus --verilog --config=C:/Users/Lycsama/AppData/Local/Temp/alt8620_2233474513934900227.dir/0101_onchip_memory2_0_gen//nios_system_onchip_memory2_0_component_configuration.pl  --do_build_sim=0  ]
Info: onchip_memory2_0: Done RTL generation for module 'nios_system_onchip_memory2_0'
Info: onchip_memory2_0: "nios_system" instantiated altera_avalon_onchip_memory2 "onchip_memory2_0"
Info: otg_hpi_address: Starting RTL generation for module 'nios_system_otg_hpi_address'
Info: otg_hpi_address:   Generation command is [exec D:/quartus/quartus/bin64/perl/bin/perl.exe -I D:/quartus/quartus/bin64/perl/lib -I D:/quartus/quartus/sopc_builder/bin/europa -I D:/quartus/quartus/sopc_builder/bin/perl_lib -I D:/quartus/quartus/sopc_builder/bin -I D:/quartus/quartus/../ip/altera/sopc_builder_ip/common -I D:/quartus/quartus/../ip/altera/sopc_builder_ip/altera_avalon_pio -- D:/quartus/quartus/../ip/altera/sopc_builder_ip/altera_avalon_pio/generate_rtl.pl --name=nios_system_otg_hpi_address --dir=C:/Users/Lycsama/AppData/Local/Temp/alt8620_2233474513934900227.dir/0102_otg_hpi_address_gen/ --quartus_dir=D:/quartus/quartus --verilog --config=C:/Users/Lycsama/AppData/Local/Temp/alt8620_2233474513934900227.dir/0102_otg_hpi_address_gen//nios_system_otg_hpi_address_component_configuration.pl  --do_build_sim=0  ]
Info: otg_hpi_address: Done RTL generation for module 'nios_system_otg_hpi_address'
Info: otg_hpi_address: "nios_system" instantiated altera_avalon_pio "otg_hpi_address"
Info: otg_hpi_cs: Starting RTL generation for module 'nios_system_otg_hpi_cs'
Info: otg_hpi_cs:   Generation command is [exec D:/quartus/quartus/bin64/perl/bin/perl.exe -I D:/quartus/quartus/bin64/perl/lib -I D:/quartus/quartus/sopc_builder/bin/europa -I D:/quartus/quartus/sopc_builder/bin/perl_lib -I D:/quartus/quartus/sopc_builder/bin -I D:/quartus/quartus/../ip/altera/sopc_builder_ip/common -I D:/quartus/quartus/../ip/altera/sopc_builder_ip/altera_avalon_pio -- D:/quartus/quartus/../ip/altera/sopc_builder_ip/altera_avalon_pio/generate_rtl.pl --name=nios_system_otg_hpi_cs --dir=C:/Users/Lycsama/AppData/Local/Temp/alt8620_2233474513934900227.dir/0103_otg_hpi_cs_gen/ --quartus_dir=D:/quartus/quartus --verilog --config=C:/Users/Lycsama/AppData/Local/Temp/alt8620_2233474513934900227.dir/0103_otg_hpi_cs_gen//nios_system_otg_hpi_cs_component_configuration.pl  --do_build_sim=0  ]
Info: otg_hpi_cs: Done RTL generation for module 'nios_system_otg_hpi_cs'
Info: otg_hpi_cs: "nios_system" instantiated altera_avalon_pio "otg_hpi_cs"
Info: otg_hpi_data: Starting RTL generation for module 'nios_system_otg_hpi_data'
Info: otg_hpi_data:   Generation command is [exec D:/quartus/quartus/bin64/perl/bin/perl.exe -I D:/quartus/quartus/bin64/perl/lib -I D:/quartus/quartus/sopc_builder/bin/europa -I D:/quartus/quartus/sopc_builder/bin/perl_lib -I D:/quartus/quartus/sopc_builder/bin -I D:/quartus/quartus/../ip/altera/sopc_builder_ip/common -I D:/quartus/quartus/../ip/altera/sopc_builder_ip/altera_avalon_pio -- D:/quartus/quartus/../ip/altera/sopc_builder_ip/altera_avalon_pio/generate_rtl.pl --name=nios_system_otg_hpi_data --dir=C:/Users/Lycsama/AppData/Local/Temp/alt8620_2233474513934900227.dir/0104_otg_hpi_data_gen/ --quartus_dir=D:/quartus/quartus --verilog --config=C:/Users/Lycsama/AppData/Local/Temp/alt8620_2233474513934900227.dir/0104_otg_hpi_data_gen//nios_system_otg_hpi_data_component_configuration.pl  --do_build_sim=0  ]
Info: otg_hpi_data: Done RTL generation for module 'nios_system_otg_hpi_data'
Info: otg_hpi_data: "nios_system" instantiated altera_avalon_pio "otg_hpi_data"
Info: sdram: Starting RTL generation for module 'nios_system_sdram'
Info: sdram:   Generation command is [exec D:/quartus/quartus/bin64/perl/bin/perl.exe -I D:/quartus/quartus/bin64/perl/lib -I D:/quartus/quartus/sopc_builder/bin/europa -I D:/quartus/quartus/sopc_builder/bin/perl_lib -I D:/quartus/quartus/sopc_builder/bin -I D:/quartus/quartus/../ip/altera/sopc_builder_ip/common -I D:/quartus/quartus/../ip/altera/sopc_builder_ip/altera_avalon_new_sdram_controller -- D:/quartus/quartus/../ip/altera/sopc_builder_ip/altera_avalon_new_sdram_controller/generate_rtl.pl --name=nios_system_sdram --dir=C:/Users/Lycsama/AppData/Local/Temp/alt8620_2233474513934900227.dir/0105_sdram_gen/ --quartus_dir=D:/quartus/quartus --verilog --config=C:/Users/Lycsama/AppData/Local/Temp/alt8620_2233474513934900227.dir/0105_sdram_gen//nios_system_sdram_component_configuration.pl  --do_build_sim=0  ]
Info: sdram: Done RTL generation for module 'nios_system_sdram'
Info: sdram: "nios_system" instantiated altera_avalon_new_sdram_controller "sdram"
Info: sdram_pll: "nios_system" instantiated altpll "sdram_pll"
Info: sysid_qsys_0: "nios_system" instantiated altera_avalon_sysid_qsys "sysid_qsys_0"
Info: avalon_st_adapter: Inserting error_adapter: error_adapter_0
Info: avalon_st_adapter_001: Inserting error_adapter: error_adapter_0
Info: avalon_st_adapter_002: Inserting error_adapter: error_adapter_0
Info: avalon_st_adapter_003: Inserting error_adapter: error_adapter_0
Info: avalon_st_adapter_004: Inserting error_adapter: error_adapter_0
Info: avalon_st_adapter_005: Inserting error_adapter: error_adapter_0
Info: avalon_st_adapter_006: Inserting error_adapter: error_adapter_0
Info: avalon_st_adapter_007: Inserting error_adapter: error_adapter_0
Info: avalon_st_adapter_008: Inserting error_adapter: error_adapter_0
Info: avalon_st_adapter_009: Inserting error_adapter: error_adapter_0
Info: avalon_st_adapter_010: Inserting error_adapter: error_adapter_0
Info: avalon_st_adapter_011: Inserting error_adapter: error_adapter_0
Info: avalon_st_adapter_012: Inserting error_adapter: error_adapter_0
Info: avalon_st_adapter_013: Inserting error_adapter: error_adapter_0
Info: avalon_st_adapter_014: Inserting error_adapter: error_adapter_0
Info: avalon_st_adapter_015: Inserting error_adapter: error_adapter_0
Info: avalon_st_adapter_016: Inserting error_adapter: error_adapter_0
Info: avalon_st_adapter_017: Inserting error_adapter: error_adapter_0
Info: avalon_st_adapter_018: Inserting error_adapter: error_adapter_0
Info: avalon_st_adapter_019: Inserting error_adapter: error_adapter_0
Info: avalon_st_adapter_020: Inserting error_adapter: error_adapter_0
Info: avalon_st_adapter_021: Inserting error_adapter: error_adapter_0
Info: avalon_st_adapter_022: Inserting error_adapter: error_adapter_0
Info: avalon_st_adapter_023: Inserting error_adapter: error_adapter_0
Info: avalon_st_adapter_024: Inserting error_adapter: error_adapter_0
Info: avalon_st_adapter_025: Inserting error_adapter: error_adapter_0
Info: avalon_st_adapter_026: Inserting error_adapter: error_adapter_0
Info: avalon_st_adapter_027: Inserting error_adapter: error_adapter_0
Info: avalon_st_adapter_028: Inserting error_adapter: error_adapter_0
Info: avalon_st_adapter_029: Inserting error_adapter: error_adapter_0
Info: avalon_st_adapter_030: Inserting error_adapter: error_adapter_0
Info: avalon_st_adapter_031: Inserting error_adapter: error_adapter_0
Info: avalon_st_adapter_032: Inserting error_adapter: error_adapter_0
Info: avalon_st_adapter_033: Inserting error_adapter: error_adapter_0
Info: avalon_st_adapter_034: Inserting error_adapter: error_adapter_0
Info: avalon_st_adapter_035: Inserting error_adapter: error_adapter_0
Info: avalon_st_adapter_036: Inserting error_adapter: error_adapter_0
Info: avalon_st_adapter_037: Inserting error_adapter: error_adapter_0
Info: mm_interconnect_0: "nios_system" instantiated altera_mm_interconnect "mm_interconnect_0"
Info: irq_mapper: "nios_system" instantiated altera_irq_mapper "irq_mapper"
Info: rst_controller: "nios_system" instantiated altera_reset_controller "rst_controller"
Info: cpu: Starting RTL generation for module 'nios_system_nios2_gen2_0_cpu'
Info: cpu:   Generation command is [exec D:/quartus/quartus/bin64//eperlcmd.exe -I D:/quartus/quartus/bin64//perl/lib -I D:/quartus/quartus/sopc_builder/bin/europa -I D:/quartus/quartus/sopc_builder/bin/perl_lib -I D:/quartus/quartus/sopc_builder/bin -I D:/quartus/quartus/../ip/altera/nios2_ip/altera_nios2_gen2/cpu_lib -I D:/quartus/quartus/../ip/altera/nios2_ip/altera_nios2_gen2/nios_lib -I D:/quartus/quartus/../ip/altera/nios2_ip/altera_nios2_gen2 -I D:/quartus/quartus/../ip/altera/nios2_ip/altera_nios2_gen2 -- D:/quartus/quartus/../ip/altera/nios2_ip/altera_nios2_gen2/generate_rtl.epl --name=nios_system_nios2_gen2_0_cpu --dir=C:/Users/Lycsama/AppData/Local/Temp/alt8620_2233474513934900227.dir/0111_cpu_gen/ --quartus_bindir=D:/quartus/quartus/bin64/ --verilog --config=C:/Users/Lycsama/AppData/Local/Temp/alt8620_2233474513934900227.dir/0111_cpu_gen//nios_system_nios2_gen2_0_cpu_processor_configuration.pl  --do_build_sim=0  ]
Info: cpu: # 2020.12.24 23:13:19 (*) Starting Nios II generation
Info: cpu: # 2020.12.24 23:13:19 (*)   Checking for plaintext license.
Info: cpu: # 2020.12.24 23:13:20 (*)   Couldn't query license setup in Quartus directory D:/quartus/quartus/bin64/
Info: cpu: # 2020.12.24 23:13:20 (*)   Defaulting to contents of LM_LICENSE_FILE environment variable
Info: cpu: # 2020.12.24 23:13:20 (*)   LM_LICENSE_FILE environment variable is empty
Info: cpu: # 2020.12.24 23:13:20 (*)   Plaintext license not found.
Info: cpu: # 2020.12.24 23:13:20 (*)   No license required to generate encrypted Nios II/e.
Info: cpu: # 2020.12.24 23:13:20 (*)   Elaborating CPU configuration settings
Info: cpu: # 2020.12.24 23:13:20 (*)   Creating all objects for CPU
Info: cpu: # 2020.12.24 23:13:21 (*)   Generating RTL from CPU objects
Info: cpu: # 2020.12.24 23:13:21 (*)   Creating plain-text RTL
Info: cpu: # 2020.12.24 23:13:21 (*) Done Nios II generation
Info: cpu: Done RTL generation for module 'nios_system_nios2_gen2_0_cpu'
Info: cpu: "nios2_gen2_0" instantiated altera_nios2_gen2_unit "cpu"
Info: nios2_gen2_0_data_master_translator: "mm_interconnect_0" instantiated altera_merlin_master_translator "nios2_gen2_0_data_master_translator"
Info: jtag_uart_0_avalon_jtag_slave_translator: "mm_interconnect_0" instantiated altera_merlin_slave_translator "jtag_uart_0_avalon_jtag_slave_translator"
Info: nios2_gen2_0_data_master_agent: "mm_interconnect_0" instantiated altera_merlin_master_agent "nios2_gen2_0_data_master_agent"
Info: jtag_uart_0_avalon_jtag_slave_agent: "mm_interconnect_0" instantiated altera_merlin_slave_agent "jtag_uart_0_avalon_jtag_slave_agent"
Info: jtag_uart_0_avalon_jtag_slave_agent_rsp_fifo: "mm_interconnect_0" instantiated altera_avalon_sc_fifo "jtag_uart_0_avalon_jtag_slave_agent_rsp_fifo"
Info: router: "mm_interconnect_0" instantiated altera_merlin_router "router"
Info: router_001: "mm_interconnect_0" instantiated altera_merlin_router "router_001"
Info: router_002: "mm_interconnect_0" instantiated altera_merlin_router "router_002"
Info: router_003: "mm_interconnect_0" instantiated altera_merlin_router "router_003"
Info: cmd_demux: "mm_interconnect_0" instantiated altera_merlin_demultiplexer "cmd_demux"
Info: cmd_demux_001: "mm_interconnect_0" instantiated altera_merlin_demultiplexer "cmd_demux_001"
Info: cmd_mux: "mm_interconnect_0" instantiated altera_merlin_multiplexer "cmd_mux"
Info: cmd_mux_001: "mm_interconnect_0" instantiated altera_merlin_multiplexer "cmd_mux_001"
Info: Reusing file C:/Users/Lycsama/Desktop/385final-xsh_shop/385final/mytest/Lab8_provided/nios_system/synthesis/submodules/altera_merlin_arbitrator.sv
Info: rsp_demux: "mm_interconnect_0" instantiated altera_merlin_demultiplexer "rsp_demux"
Info: rsp_demux_001: "mm_interconnect_0" instantiated altera_merlin_demultiplexer "rsp_demux_001"
Info: rsp_mux: "mm_interconnect_0" instantiated altera_merlin_multiplexer "rsp_mux"
Info: Reusing file C:/Users/Lycsama/Desktop/385final-xsh_shop/385final/mytest/Lab8_provided/nios_system/synthesis/submodules/altera_merlin_arbitrator.sv
Info: rsp_mux_001: "mm_interconnect_0" instantiated altera_merlin_multiplexer "rsp_mux_001"
Info: Reusing file C:/Users/Lycsama/Desktop/385final-xsh_shop/385final/mytest/Lab8_provided/nios_system/synthesis/submodules/altera_merlin_arbitrator.sv
Info: crosser: "mm_interconnect_0" instantiated altera_avalon_st_handshake_clock_crosser "crosser"
Info: avalon_st_adapter: "mm_interconnect_0" instantiated altera_avalon_st_adapter "avalon_st_adapter"
Info: error_adapter_0: "avalon_st_adapter" instantiated error_adapter "error_adapter_0"
Info: nios_system: Done "nios_system" with 36 modules, 53 files
Info: qsys-generate succeeded.
Info: Finished: Create HDL design files for synthesis
